C:\USERS\張睿哲\DOCUMENTS\VISUAL STUDIO 2012\PROJECTS\HW3\HW3\X64\DEBUG\SOURCE.OBJ
C:\USERS\張睿哲\DOCUMENTS\VISUAL STUDIO 2012\PROJECTS\HW3\HW3\X64\DEBUG\VC110.PDB
C:\USERS\張睿哲\DOCUMENTS\VISUAL STUDIO 2012\PROJECTS\HW3\X64\DEBUG\HW3.ILK
C:\USERS\張睿哲\DOCUMENTS\VISUAL STUDIO 2012\PROJECTS\HW3\X64\DEBUG\HW3.EXE
C:\USERS\張睿哲\DOCUMENTS\VISUAL STUDIO 2012\PROJECTS\HW3\X64\DEBUG\HW3.PDB
C:\Users\張睿哲\documents\visual studio 2012\Projects\hw3\hw3\x64\Debug\Source.obj
C:\Users\張睿哲\documents\visual studio 2012\Projects\hw3\hw3\x64\Debug\cl.command.1.tlog
C:\Users\張睿哲\documents\visual studio 2012\Projects\hw3\hw3\x64\Debug\CL.read.1.tlog
C:\Users\張睿哲\documents\visual studio 2012\Projects\hw3\hw3\x64\Debug\CL.write.1.tlog
C:\Users\張睿哲\documents\visual studio 2012\Projects\hw3\hw3\x64\Debug\link-cvtres.read.1.tlog
C:\Users\張睿哲\documents\visual studio 2012\Projects\hw3\hw3\x64\Debug\link-cvtres.write.1.tlog
C:\Users\張睿哲\documents\visual studio 2012\Projects\hw3\hw3\x64\Debug\link-rc.read.1.tlog
C:\Users\張睿哲\documents\visual studio 2012\Projects\hw3\hw3\x64\Debug\link-rc.write.1.tlog
C:\Users\張睿哲\documents\visual studio 2012\Projects\hw3\hw3\x64\Debug\link.command.1.tlog
C:\Users\張睿哲\documents\visual studio 2012\Projects\hw3\hw3\x64\Debug\link.read.1.tlog
C:\Users\張睿哲\documents\visual studio 2012\Projects\hw3\hw3\x64\Debug\link.write.1.tlog
C:\Users\張睿哲\documents\visual studio 2012\Projects\hw3\hw3\x64\Debug\vc110.idb
C:\Users\張睿哲\documents\visual studio 2012\Projects\hw3\hw3\x64\Debug\vc110.pdb
C:\Users\張睿哲\documents\visual studio 2012\Projects\hw3\x64\Debug\hw3.pdb
C:\Users\張睿哲\documents\visual studio 2012\Projects\hw3\x64\Debug\hw3.exe
C:\Users\張睿哲\documents\visual studio 2012\Projects\hw3\x64\Debug\hw3.ilk
